<?xml version="1.0" encoding="UTF-8"?>
<testng-results skipped="0" failed="0" ignored="0" total="1" passed="1">
  <reporter-output>
  </reporter-output>
  <suite name="Default suite" duration-ms="2408" started-at="2020-01-15T00:58:03Z" finished-at="2020-01-15T00:58:06Z">
    <groups>
    </groups>
    <test name="Default test" duration-ms="2408" started-at="2020-01-15T00:58:03Z" finished-at="2020-01-15T00:58:06Z">
      <class name="com.api.tests.POSTCallAPI">
        <test-method status="PASS" signature="createUserWithPOSTTest()[pri:0, instance:com.api.tests.POSTCallAPI@39aeed2f]" name="createUserWithPOSTTest" duration-ms="2388" started-at="2020-01-15T00:58:03Z" finished-at="2020-01-15T00:58:06Z">
          <reporter-output>
          </reporter-output>
        </test-method> <!-- createUserWithPOSTTest -->
      </class> <!-- com.api.tests.POSTCallAPI -->
    </test> <!-- Default test -->
  </suite> <!-- Default suite -->
</testng-results>
